<?xml version="1.0" encoding="UTF-8"?>
<!-- Generated by org.testng.reporters.JUnitXMLReporter -->
<testsuite hostname="LAPTOP-HHN7D2TC" ignored="4" name="Test" tests="4" failures="0" timestamp="2021-10-06T10:41:18 IST" time="40.912" errors="0">
  <testcase name="Rol" time="10.272" classname="com.ebanking.master.RoleNG"/>
  <testcase name="Rol" time="10.375" classname="com.ebanking.master.RoleNG"/>
  <testcase name="Rol" time="10.736" classname="com.ebanking.master.RoleNG"/>
  <testcase name="Br" time="7.382" classname="com.ebanking.master.BranchNG"/>
  <testcase name="@BeforeTest beforeTest" time="0.0" classname="com.ebanking.master.Base">
    <ignored/>
  </testcase> <!-- @BeforeTest beforeTest -->
  <testcase name="@AfterTest afterTest" time="0.0" classname="com.ebanking.master.Base">
    <ignored/>
  </testcase> <!-- @AfterTest afterTest -->
  <testcase name="@BeforeSuite beforeSuite" time="0.0" classname="com.ebanking.master.Base">
    <ignored/>
  </testcase> <!-- @BeforeSuite beforeSuite -->
  <testcase name="@AfterSuite afterSuite" time="0.0" classname="com.ebanking.master.Base">
    <ignored/>
  </testcase> <!-- @AfterSuite afterSuite -->
</testsuite> <!-- Test -->
